<?xml version="1.0" encoding="UTF-8"?>
<!-- Generated by org.testng.reporters.JUnitXMLReporter -->
<testsuite ignored="1" hostname="Dinesh" failures="0" tests="2" name="Error Validation Test" time="11.351" errors="0" timestamp="2024-08-27T23:23:28 IST">
  <testcase classname="seleniumFramework.Tests.SubmitOrderTest" name="submitOrder" time="3.196"/>
  <testcase classname="seleniumFramework.Tests.SubmitOrderTest" name="submitOrder" time="3.15"/>
  <testcase classname="seleniumFramework.Tests.SubmitOrderTest" name="orderHistoryTest" time="0.0">
    <ignored/>
  </testcase> <!-- orderHistoryTest -->
</testsuite> <!-- Error Validation Test -->
