<?xml version="1.0" encoding="UTF-8"?>
<!-- Generated by org.testng.reporters.JUnitXMLReporter -->
<testsuite ignored="0" hostname="Dinesh" failures="0" tests="3" name="Error Validation Test" time="16.516" errors="0" timestamp="2024-08-27T23:39:00 IST">
  <testcase classname="seleniumFramework.Tests.SubmitOrderTest" name="submitOrder" time="3.33"/>
  <testcase classname="seleniumFramework.Tests.SubmitOrderTest" name="submitOrder" time="3.239"/>
  <testcase classname="seleniumFramework.Tests.SubmitOrderTest" name="orderHistoryTest" time="0.832"/>
</testsuite> <!-- Error Validation Test -->
