<?xml version="1.0" encoding="UTF-8"?>
<!-- Generated by org.testng.reporters.JUnitXMLReporter -->
<testsuite ignored="0" hostname="Dinesh" failures="2" tests="2" name="Submit Order Test" time="17.591" errors="0" timestamp="2024-08-27T23:39:01 IST">
  <testcase classname="seleniumFramework.Tests.ErrorValidationsTest" name="loginErrorValidation" time="0.973">
    <failure type="java.lang.AssertionError" message="expected [Incorrect email or password.] but found [Incorrect email or word.]">
      <![CDATA[java.lang.AssertionError: expected [Incorrect email or password.] but found [Incorrect email or word.]
at seleniumFramework.Tests.ErrorValidationsTest.loginErrorValidation(ErrorValidationsTest.java:26)
at java.base/java.util.ArrayList.forEach(ArrayList.java:1541)
at java.base/java.util.concurrent.FutureTask.run(FutureTask.java:264)
at java.base/java.util.concurrent.ThreadPoolExecutor.runWorker(ThreadPoolExecutor.java:1128)
at java.base/java.util.concurrent.ThreadPoolExecutor$Worker.run(ThreadPoolExecutor.java:628)
at java.base/java.lang.Thread.run(Thread.java:829)
... Removed 23 stack frames]]>
    </failure>
  </testcase> <!-- loginErrorValidation -->
  <testcase classname="seleniumFramework.Tests.ErrorValidationsTest" name="productErrorValidation" time="10.367">
    <failure type="java.lang.NullPointerException">
      <![CDATA[java.lang.NullPointerException
at seleniumFramework.pageObjects.ProductCatalogue.addProductToCart(ProductCatalogue.java:51)
at seleniumFramework.Tests.ErrorValidationsTest.productErrorValidation(ErrorValidationsTest.java:33)
at java.base/java.util.ArrayList.forEach(ArrayList.java:1541)
at java.base/java.util.concurrent.FutureTask.run(FutureTask.java:264)
at java.base/java.util.concurrent.ThreadPoolExecutor.runWorker(ThreadPoolExecutor.java:1128)
at java.base/java.util.concurrent.ThreadPoolExecutor$Worker.run(ThreadPoolExecutor.java:628)
at java.base/java.lang.Thread.run(Thread.java:829)
... Removed 17 stack frames]]>
    </failure>
  </testcase> <!-- productErrorValidation -->
</testsuite> <!-- Submit Order Test -->
