<?xml version="1.0" encoding="UTF-8"?>
<testng-results ignored="0" total="2" passed="2" failed="0" skipped="0">
  <reporter-output>
  </reporter-output>
  <suite started-at="2024-08-27T23:23:17 IST" name="Suite" finished-at="2024-08-27T23:23:28 IST" duration-ms="11351">
    <groups>
      <group name="Purchase">
        <method signature="SubmitOrderTest.submitOrder(java.util.HashMap)[pri:0, instance:seleniumFramework.Tests.SubmitOrderTest@18271936]" name="submitOrder" class="seleniumFramework.Tests.SubmitOrderTest"/>
      </group> <!-- Purchase -->
    </groups>
    <test started-at="2024-08-27T23:23:17 IST" name="Submit Order Test" finished-at="2024-08-27T23:23:17 IST" duration-ms="11">
    </test> <!-- Submit Order Test -->
    <test started-at="2024-08-27T23:23:17 IST" name="Error Validation Test" finished-at="2024-08-27T23:23:28 IST" duration-ms="11351">
      <class name="seleniumFramework.Tests.SubmitOrderTest">
        <test-method is-config="true" signature="launchApplication()[pri:0, instance:seleniumFramework.Tests.SubmitOrderTest@18271936]" started-at="2024-08-27T23:23:17 IST" name="launchApplication" finished-at="2024-08-27T23:23:20 IST" duration-ms="2717" status="PASS">
          <reporter-output>
          </reporter-output>
        </test-method> <!-- launchApplication -->
        <test-method signature="submitOrder(java.util.HashMap)[pri:0, instance:seleniumFramework.Tests.SubmitOrderTest@18271936]" started-at="2024-08-27T23:23:20 IST" name="submitOrder" data-provider="getData" finished-at="2024-08-27T23:23:23 IST" duration-ms="3196" status="PASS">
          <params>
            <param index="0">
              <value>
                <![CDATA[{password=Ssccgl@123, product=ADIDAS ORIGINAL, email=dineshkumar@gmail.com}]]>
              </value>
            </param>
          </params>
          <reporter-output>
          </reporter-output>
        </test-method> <!-- submitOrder -->
        <test-method is-config="true" signature="tearDown()[pri:0, instance:seleniumFramework.Tests.SubmitOrderTest@18271936]" started-at="2024-08-27T23:23:23 IST" name="tearDown" finished-at="2024-08-27T23:23:23 IST" duration-ms="126" status="PASS">
          <reporter-output>
          </reporter-output>
        </test-method> <!-- tearDown -->
        <test-method is-config="true" signature="launchApplication()[pri:0, instance:seleniumFramework.Tests.SubmitOrderTest@18271936]" started-at="2024-08-27T23:23:23 IST" name="launchApplication" finished-at="2024-08-27T23:23:25 IST" duration-ms="1775" status="PASS">
          <reporter-output>
          </reporter-output>
        </test-method> <!-- launchApplication -->
        <test-method signature="submitOrder(java.util.HashMap)[pri:0, instance:seleniumFramework.Tests.SubmitOrderTest@18271936]" started-at="2024-08-27T23:23:25 IST" name="submitOrder" data-provider="getData" finished-at="2024-08-27T23:23:28 IST" duration-ms="3150" status="PASS">
          <params>
            <param index="0">
              <value>
                <![CDATA[{password=Iamking@000, product=ADIDAS ORIGINAL, email=shetty@gmail.com}]]>
              </value>
            </param>
          </params>
          <reporter-output>
          </reporter-output>
        </test-method> <!-- submitOrder -->
        <test-method is-config="true" signature="tearDown()[pri:0, instance:seleniumFramework.Tests.SubmitOrderTest@18271936]" started-at="2024-08-27T23:23:28 IST" name="tearDown" finished-at="2024-08-27T23:23:28 IST" duration-ms="142" status="PASS">
          <reporter-output>
          </reporter-output>
        </test-method> <!-- tearDown -->
      </class> <!-- seleniumFramework.Tests.SubmitOrderTest -->
    </test> <!-- Error Validation Test -->
  </suite> <!-- Suite -->
</testng-results>
